<?xml version="1.0" encoding="UTF-8"?>
<testng-results ignored="0" total="1" passed="1" failed="0" skipped="0">
  <reporter-output>
  </reporter-output>
  <suite started-at="2024-11-07T23:06:50 IST" name="Default suite" finished-at="2024-11-07T23:07:00 IST" duration-ms="9949">
    <groups>
    </groups>
    <test started-at="2024-11-07T23:06:50 IST" name="Default test" finished-at="2024-11-07T23:07:00 IST" duration-ms="9949">
      <class name="extentReports.Assignment">
        <test-method signature="screenshot()[pri:0, instance:extentReports.Assignment@689604d9]" started-at="2024-11-07T23:06:50 IST" name="screenshot" finished-at="2024-11-07T23:07:00 IST" duration-ms="9900" status="PASS">
          <reporter-output>
          </reporter-output>
        </test-method> <!-- screenshot -->
      </class> <!-- extentReports.Assignment -->
    </test> <!-- Default test -->
  </suite> <!-- Default suite -->
</testng-results>
